d:\0\new_clap\clap6.0.0\clap\x64\debug\vc143.pdb
d:\0\new_clap\clap6.0.0\clap\x64\debug\vc143.idb
d:\0\new_clap\clap6.0.0\clap\x64\debug\souveniour.obj
d:\0\new_clap\clap6.0.0\clap\x64\debug\tools.obj
d:\0\new_clap\clap6.0.0\clap\x64\debug\status.obj
d:\0\new_clap\clap6.0.0\clap\x64\debug\screen.obj
d:\0\new_clap\clap6.0.0\clap\x64\debug\people.obj
d:\0\new_clap\clap6.0.0\clap\x64\debug\move.obj
d:\0\new_clap\clap6.0.0\clap\x64\debug\main.obj
d:\0\new_clap\clap6.0.0\clap\x64\debug\initialization.obj
d:\0\new_clap\clap6.0.0\clap\x64\debug\finalization.obj
d:\0\new_clap\clap6.0.0\clap\x64\debug\clap_failure.obj
d:\0\new_clap\clap6.0.0\clap\x64\debug\clap6.0.0save_main.obj
d:\0\new_clap\clap6.0.0\clap\x64\debug\clap6.0.0save_clap.obj
d:\0\new_clap\clap6.0.0\clap\x64\debug\clap6.0.0save2.obj
d:\0\new_clap\clap6.0.0\clap\x64\debug\choose_your_action.obj
d:\0\new_clap\clap6.0.0\clap\x64\debug\check.obj
d:\0\new_clap\clap6.0.0\clap\x64\debug\act.obj
d:\0\new_clap\clap6.0.0\clap\x64\debug\clap5.5.0.obj
d:\0\new_clap\clap6.0.0\clap\x64\debug\clap5.4.2.obj
d:\0\new_clap\clap6.0.0\x64\debug\clap6.0.0.pdb
d:\0\new_clap\clap6.0.0\clap\x64\debug\clap6.0.0.tlog\cl.command.1.tlog
d:\0\new_clap\clap6.0.0\clap\x64\debug\clap6.0.0.tlog\cl.read.1.tlog
d:\0\new_clap\clap6.0.0\clap\x64\debug\clap6.0.0.tlog\cl.write.1.tlog
d:\0\new_clap\clap6.0.0\clap\x64\debug\clap6.0.0.tlog\link-cvtres.read.1.tlog
d:\0\new_clap\clap6.0.0\clap\x64\debug\clap6.0.0.tlog\link-cvtres.write.1.tlog
d:\0\new_clap\clap6.0.0\clap\x64\debug\clap6.0.0.tlog\link-rc.read.1.tlog
d:\0\new_clap\clap6.0.0\clap\x64\debug\clap6.0.0.tlog\link-rc.write.1.tlog
d:\0\new_clap\clap6.0.0\clap\x64\debug\clap6.0.0.tlog\link.command.1.tlog
d:\0\new_clap\clap6.0.0\clap\x64\debug\clap6.0.0.tlog\link.read.1.tlog
d:\0\new_clap\clap6.0.0\clap\x64\debug\clap6.0.0.tlog\link.read.2.tlog
d:\0\new_clap\clap6.0.0\clap\x64\debug\clap6.0.0.tlog\link.write.1.tlog
